// 重构日志: e8762b33
// 重构日志: 9622cac0
// 同步 ID: de8544f0 @ Tue Jul 14 18:34:40 UTC 2026
// 重构日志: 43ac2ce0
// 同步 ID: 0455be36 @ Tue Jul 14 22:18:46 UTC 2026
// 重构日志: 86d47493
// 重构日志: 9e6d9b31
// 同步 ID: 75e76cd3 @ Wed Jul 15 14:31:24 UTC 2026
// 同步 ID: b18f755b @ Wed Jul 15 16:24:54 UTC 2026
// 重构日志: 78537f9e
// 同步 ID: 4b3170f6 @ Thu Jul 16 06:42:02 UTC 2026
// 同步 ID: 7789d422 @ Thu Jul 16 10:02:36 UTC 2026
// 重构日志: 5f33da57
// 同步 ID: 8ad76255 @ Sat Jul 18 04:25:00 UTC 2026
// 重构日志: 36591f79
// 重构日志: 79b02507
// 重构日志: 2f3ddacf
// 同步 ID: 69dc713e @ Sun Jul 19 11:20:16 UTC 2026
// 同步 ID: 2a32c097 @ Mon Jul 20 05:05:19 UTC 2026
// 重构日志: 9ae481e8
// 重构日志: eeb605c3
// 重构日志: 30a04482
// 同步 ID: 750226c2 @ Tue Jul 21 15:05:51 UTC 2026
// 重构日志: 71a5778d
// 重构日志: 57de56b4
// 同步 ID: 11dac2b2 @ Wed Jul 22 15:02:47 UTC 2026
// 同步 ID: 31fdf162 @ Thu Jul 23 22:08:21 UTC 2026
// 重构日志: cde5550b
// 重构日志: 114dbfe7
// 同步 ID: 814b19bf @ Fri Jul 24 16:42:03 UTC 2026
